E:\C语言练习\CONSOLEAPPLICATION3\CONSOLEAPPLICATION3\DEBUG\CONSOLEAPPLICATION3.PCH
E:\C语言练习\CONSOLEAPPLICATION3\CONSOLEAPPLICATION3\DEBUG\STDAFX.OBJ
E:\C语言练习\CONSOLEAPPLICATION3\CONSOLEAPPLICATION3\DEBUG\VC110.PDB
E:\C语言练习\CONSOLEAPPLICATION3\CONSOLEAPPLICATION3\DEBUG\CONSOLEAPPLICATION3.OBJ
E:\C语言练习\CONSOLEAPPLICATION3\DEBUG\CONSOLEAPPLICATION3.ILK
E:\C语言练习\CONSOLEAPPLICATION3\DEBUG\CONSOLEAPPLICATION3.EXE
E:\C语言练习\CONSOLEAPPLICATION3\DEBUG\CONSOLEAPPLICATION3.PDB
E:\C语言练习\ConsoleApplication3\ConsoleApplication3\Debug\ConsoleApplication3.obj
E:\C语言练习\ConsoleApplication3\ConsoleApplication3\Debug\stdafx.obj
E:\C语言练习\ConsoleApplication3\ConsoleApplication3\Debug\cl.command.1.tlog
E:\C语言练习\ConsoleApplication3\ConsoleApplication3\Debug\CL.read.1.tlog
E:\C语言练习\ConsoleApplication3\ConsoleApplication3\Debug\CL.write.1.tlog
E:\C语言练习\ConsoleApplication3\ConsoleApplication3\Debug\link-cvtres.read.1.tlog
E:\C语言练习\ConsoleApplication3\ConsoleApplication3\Debug\link-cvtres.write.1.tlog
E:\C语言练习\ConsoleApplication3\ConsoleApplication3\Debug\link-rc.read.1.tlog
E:\C语言练习\ConsoleApplication3\ConsoleApplication3\Debug\link-rc.write.1.tlog
E:\C语言练习\ConsoleApplication3\ConsoleApplication3\Debug\link.command.1.tlog
E:\C语言练习\ConsoleApplication3\ConsoleApplication3\Debug\link.read.1.tlog
E:\C语言练习\ConsoleApplication3\ConsoleApplication3\Debug\link.write.1.tlog
E:\C语言练习\ConsoleApplication3\ConsoleApplication3\Debug\ConsoleApplication3.pch
E:\C语言练习\ConsoleApplication3\ConsoleApplication3\Debug\vc110.idb
E:\C语言练习\ConsoleApplication3\ConsoleApplication3\Debug\vc110.pdb
E:\C语言练习\ConsoleApplication3\Debug\ConsoleApplication3.pdb
E:\C语言练习\ConsoleApplication3\Debug\ConsoleApplication3.exe
E:\C语言练习\ConsoleApplication3\Debug\ConsoleApplication3.ilk
